# JRE version: Java(TM) SE Runtime Environment (8.0_112-b15) (build 1.8.0_112-b15)
# Java VM: Java HotSpot(TM) 64-Bit Server VM (25.112-b15 mixed mode windows-amd64 compressed oops)
Heap:
 PSYoungGen      total 38400K, used 11907K [0x00000000f5580000, 0x00000000f8000000, 0x0000000100000000)
  eden space 33280K, 33% used [0x00000000f5580000,0x00000000f6088d78,0x00000000f7600000)
  from space 5120K, 11% used [0x00000000f7600000,0x00000000f7698000,0x00000000f7b00000)
  to   space 5120K, 0% used [0x00000000f7b00000,0x00000000f7b00000,0x00000000f8000000)
 ParOldGen       total 87552K, used 8413K [0x00000000e0000000, 0x00000000e5580000, 0x00000000f5580000)
  object space 87552K, 9% used [0x00000000e0000000,0x00000000e0837638,0x00000000e5580000)
 Metaspace       used 6477K, capacity 6600K, committed 6912K, reserved 1056768K
  class space    used 609K, capacity 660K, committed 768K, reserved 1048576K
GC Heap History (10 events):
Event: 1.800 GC heap before
{Heap before GC invocations=5 (full 0):
 PSYoungGen      total 38400K, used 38368K [0x00000000f5580000, 0x00000000f8000000, 0x0000000100000000)
  eden space 33280K, 100% used [0x00000000f5580000,0x00000000f7600000,0x00000000f7600000)
  from space 5120K, 99% used [0x00000000f7b00000,0x00000000f7ff8020,0x00000000f8000000)
  to   space 5120K, 0% used [0x00000000f7600000,0x00000000f7600000,0x00000000f7b00000)
 ParOldGen       total 87552K, used 3093K [0x00000000e0000000, 0x00000000e5580000, 0x00000000f5580000)
  object space 87552K, 3% used [0x00000000e0000000,0x00000000e0305638,0x00000000e5580000)
 Metaspace       used 6424K, capacity 6600K, committed 6912K, reserved 1056768K
  class space    used 609K, capacity 660K, committed 768K, reserved 1048576K
Event: 1.809 GC heap after
Heap after GC invocations=5 (full 0):
 PSYoungGen      total 38400K, used 5104K [0x00000000f5580000, 0x00000000f8000000, 0x0000000100000000)
  eden space 33280K, 0% used [0x00000000f5580000,0x00000000f5580000,0x00000000f7600000)
  from space 5120K, 99% used [0x00000000f7600000,0x00000000f7afc010,0x00000000f7b00000)
  to   space 5120K, 0% used [0x00000000f7b00000,0x00000000f7b00000,0x00000000f8000000)
 ParOldGen       total 87552K, used 3213K [0x00000000e0000000, 0x00000000e5580000, 0x00000000f5580000)
  object space 87552K, 3% used [0x00000000e0000000,0x00000000e0323638,0x00000000e5580000)
 Metaspace       used 6424K, capacity 6600K, committed 6912K, reserved 1056768K
  class space    used 609K, capacity 660K, committed 768K, reserved 1048576K
}
Event: 1.945 GC heap before
{Heap before GC invocations=6 (full 0):
 PSYoungGen      total 38400K, used 38384K [0x00000000f5580000, 0x00000000f8000000, 0x0000000100000000)
  eden space 33280K, 100% used [0x00000000f5580000,0x00000000f7600000,0x00000000f7600000)
  from space 5120K, 99% used [0x00000000f7600000,0x00000000f7afc010,0x00000000f7b00000)
  to   space 5120K, 0% used [0x00000000f7b00000,0x00000000f7b00000,0x00000000f8000000)
 ParOldGen       total 87552K, used 3213K [0x00000000e0000000, 0x00000000e5580000, 0x00000000f5580000)
  object space 87552K, 3% used [0x00000000e0000000,0x00000000e0323638,0x00000000e5580000)
 Metaspace       used 6443K, capacity 6600K, committed 6912K, reserved 1056768K
  class space    used 609K, capacity 660K, committed 768K, reserved 1048576K
Event: 1.955 GC heap after
Heap after GC invocations=6 (full 0):
 PSYoungGen      total 38400K, used 5088K [0x00000000f5580000, 0x00000000f8000000, 0x0000000100000000)
  eden space 33280K, 0% used [0x00000000f5580000,0x00000000f5580000,0x00000000f7600000)
  from space 5120K, 99% used [0x00000000f7b00000,0x00000000f7ff8020,0x00000000f8000000)
  to   space 5120K, 0% used [0x00000000f7600000,0x00000000f7600000,0x00000000f7b00000)
 ParOldGen       total 87552K, used 3301K [0x00000000e0000000, 0x00000000e5580000, 0x00000000f5580000)
  object space 87552K, 3% used [0x00000000e0000000,0x00000000e0339638,0x00000000e5580000)
 Metaspace       used 6443K, capacity 6600K, committed 6912K, reserved 1056768K
  class space    used 609K, capacity 660K, committed 768K, reserved 1048576K
}
Event: 2.019 GC heap before
{Heap before GC invocations=7 (full 0):
 PSYoungGen      total 38400K, used 38368K [0x00000000f5580000, 0x00000000f8000000, 0x0000000100000000)
  eden space 33280K, 100% used [0x00000000f5580000,0x00000000f7600000,0x00000000f7600000)
  from space 5120K, 99% used [0x00000000f7b00000,0x00000000f7ff8020,0x00000000f8000000)
  to   space 5120K, 0% used [0x00000000f7600000,0x00000000f7600000,0x00000000f7b00000)
 ParOldGen       total 87552K, used 3301K [0x00000000e0000000, 0x00000000e5580000, 0x00000000f5580000)
  object space 87552K, 3% used [0x00000000e0000000,0x00000000e0339638,0x00000000e5580000)
 Metaspace       used 6456K, capacity 6600K, committed 6912K, reserved 1056768K
  class space    used 609K, capacity 660K, committed 768K, reserved 1048576K
Event: 2.028 GC heap after
Heap after GC invocations=7 (full 0):
 PSYoungGen      total 38400K, used 2240K [0x00000000f5580000, 0x00000000f8000000, 0x0000000100000000)
  eden space 33280K, 0% used [0x00000000f5580000,0x00000000f5580000,0x00000000f7600000)
  from space 5120K, 43% used [0x00000000f7600000,0x00000000f7830000,0x00000000f7b00000)
  to   space 5120K, 0% used [0x00000000f7b00000,0x00000000f7b00000,0x00000000f8000000)
 ParOldGen       total 87552K, used 6333K [0x00000000e0000000, 0x00000000e5580000, 0x00000000f5580000)
  object space 87552K, 7% used [0x00000000e0000000,0x00000000e062f628,0x00000000e5580000)
 Metaspace       used 6456K, capacity 6600K, committed 6912K, reserved 1056768K
  class space    used 609K, capacity 660K, committed 768K, reserved 1048576K
}
Event: 2.090 GC heap before
{Heap before GC invocations=8 (full 0):
 PSYoungGen      total 38400K, used 35520K [0x00000000f5580000, 0x00000000f8000000, 0x0000000100000000)
  eden space 33280K, 100% used [0x00000000f5580000,0x00000000f7600000,0x00000000f7600000)
  from space 5120K, 43% used [0x00000000f7600000,0x00000000f7830000,0x00000000f7b00000)
  to   space 5120K, 0% used [0x00000000f7b00000,0x00000000f7b00000,0x00000000f8000000)
 ParOldGen       total 87552K, used 6333K [0x00000000e0000000, 0x00000000e5580000, 0x00000000f5580000)
  object space 87552K, 7% used [0x00000000e0000000,0x00000000e062f628,0x00000000e5580000)
 Metaspace       used 6462K, capacity 6600K, committed 6912K, reserved 1056768K
  class space    used 609K, capacity 660K, committed 768K, reserved 1048576K
Event: 2.097 GC heap after
Heap after GC invocations=8 (full 0):
 PSYoungGen      total 38400K, used 480K [0x00000000f5580000, 0x00000000f8000000, 0x0000000100000000)
  eden space 33280K, 0% used [0x00000000f5580000,0x00000000f5580000,0x00000000f7600000)
  from space 5120K, 9% used [0x00000000f7b00000,0x00000000f7b78000,0x00000000f8000000)
  to   space 5120K, 0% used [0x00000000f7600000,0x00000000f7600000,0x00000000f7b00000)
 ParOldGen       total 87552K, used 8197K [0x00000000e0000000, 0x00000000e5580000, 0x00000000f5580000)
  object space 87552K, 9% used [0x00000000e0000000,0x00000000e0801638,0x00000000e5580000)
 Metaspace       used 6462K, capacity 6600K, committed 6912K, reserved 1056768K
  class space    used 609K, capacity 660K, committed 768K, reserved 1048576K
}
Event: 2.162 GC heap before
{Heap before GC invocations=9 (full 0):
 PSYoungGen      total 38400K, used 33760K [0x00000000f5580000, 0x00000000f8000000, 0x0000000100000000)
  eden space 33280K, 100% used [0x00000000f5580000,0x00000000f7600000,0x00000000f7600000)
  from space 5120K, 9% used [0x00000000f7b00000,0x00000000f7b78000,0x00000000f8000000)
  to   space 5120K, 0% used [0x00000000f7600000,0x00000000f7600000,0x00000000f7b00000)
 ParOldGen       total 87552K, used 8197K [0x00000000e0000000, 0x00000000e5580000, 0x00000000f5580000)
  object space 87552K, 9% used [0x00000000e0000000,0x00000000e0801638,0x00000000e5580000)
 Metaspace       used 6469K, capacity 6600K, committed 6912K, reserved 1056768K
  class space    used 609K, capacity 660K, committed 768K, reserved 1048576K
Event: 2.163 GC heap after
Heap after GC invocations=9 (full 0):
 PSYoungGen      total 38400K, used 608K [0x00000000f5580000, 0x00000000f8000000, 0x0000000100000000)
  eden space 33280K, 0% used [0x00000000f5580000,0x00000000f5580000,0x00000000f7600000)
  from space 5120K, 11% used [0x00000000f7600000,0x00000000f7698000,0x00000000f7b00000)
  to   space 5120K, 0% used [0x00000000f7b00000,0x00000000f7b00000,0x00000000f8000000)
 ParOldGen       total 87552K, used 8413K [0x00000000e0000000, 0x00000000e5580000, 0x00000000f5580000)
  object space 87552K, 9% used [0x00000000e0000000,0x00000000e0837638,0x00000000e5580000)
 Metaspace       used 6469K, capacity 6600K, committed 6912K, reserved 1056768K
  class space    used 609K, capacity 660K, committed 768K, reserved 1048576K
}

